<?xml version="1.0" encoding="UTF-8"?>
<testsuite errors="0" failures="1" hostname="localhost" name="My Tests" tests="2" time="0.111487" timestamp=""><testcase classname="example-failing-tests.xqy" name="example-failing-tests.xqy" time="0.069325"><failure type="ASSERT-EQUAL-FAILED" message="Assert Equal failed">&lt;error:error xsi:schemaLocation="http://marklogic.com/xdmp/error error.xsd" xmlns:t="http://marklogic.com/roxy/test" xmlns:error="http://marklogic.com/xdmp/error" xmlns:xsi="http://www.w3.org/2001/XMLSchema-instance"&gt;
  &lt;error:code&gt;Assert Equal failed&lt;/error:code&gt;
  &lt;error:name&gt;ASSERT-EQUAL-FAILED&lt;/error:name&gt;
  &lt;error:xquery-version&gt;1.0-ml&lt;/error:xquery-version&gt;
  &lt;error:message&gt;Assert Equal failed&lt;/error:message&gt;
  &lt;error:format-string&gt;Assert Equal failed (ASSERT-EQUAL-FAILED): You said: world You said: hello&lt;/error:format-string&gt;
  &lt;error:retryable&gt;false&lt;/error:retryable&gt;
  &lt;error:expr&gt; &lt;/error:expr&gt;
  &lt;error:data&gt;
    &lt;error:datum&gt;You said: world&lt;/error:datum&gt;
    &lt;error:datum&gt;You said: hello&lt;/error:datum&gt;
  &lt;/error:data&gt;
  &lt;error:stack&gt;
    &lt;error:frame&gt;
      &lt;error:uri&gt;/test/test-helper.xqy&lt;/error:uri&gt;
      &lt;error:line&gt;247&lt;/error:line&gt;
      &lt;error:column&gt;4&lt;/error:column&gt;
      &lt;error:operation&gt;test:assert-equal("You said: world", "You said: hello")&lt;/error:operation&gt;
      &lt;error:variables&gt;
	&lt;error:variable&gt;
	  &lt;error:name xmlns="http://marklogic.com/roxy/test-helper"&gt;expected&lt;/error:name&gt;
	  &lt;error:value&gt;"You said: world"&lt;/error:value&gt;
	&lt;/error:variable&gt;
	&lt;error:variable&gt;
	  &lt;error:name xmlns="http://marklogic.com/roxy/test-helper"&gt;actual&lt;/error:name&gt;
	  &lt;error:value&gt;"You said: hello"&lt;/error:value&gt;
	&lt;/error:variable&gt;
      &lt;/error:variables&gt;
      &lt;error:xquery-version&gt;1.0-ml&lt;/error:xquery-version&gt;
    &lt;/error:frame&gt;
    &lt;error:frame&gt;
      &lt;error:uri&gt;/test/suites/My Tests/example-failing-tests.xqy&lt;/error:uri&gt;
      &lt;error:line&gt;7&lt;/error:line&gt;
      &lt;error:column&gt;0&lt;/error:column&gt;
      &lt;error:operation&gt;xdmp:invoke("/test/suites/My Tests/example-failing-tests.xqy")&lt;/error:operation&gt;
      &lt;error:xquery-version&gt;1.0-ml&lt;/error:xquery-version&gt;
    &lt;/error:frame&gt;
    &lt;error:frame&gt;
      &lt;error:uri&gt;/test/test-controller.xqy&lt;/error:uri&gt;
      &lt;error:line&gt;194&lt;/error:line&gt;
      &lt;error:column&gt;35&lt;/error:column&gt;
      &lt;error:operation&gt;run("My Tests", "example-failing-tests.xqy", "/test/suites/My Tests/example-failing-tests.xqy", fn:true(), ())&lt;/error:operation&gt;
      &lt;error:variables&gt;
	&lt;error:variable&gt;
	  &lt;error:name xmlns="http://marklogic.com/roxy/test-helper"&gt;suite&lt;/error:name&gt;
	  &lt;error:value&gt;"My Tests"&lt;/error:value&gt;
	&lt;/error:variable&gt;
	&lt;error:variable&gt;
	  &lt;error:name xmlns="http://marklogic.com/roxy/test-helper"&gt;name&lt;/error:name&gt;
	  &lt;error:value&gt;"example-failing-tests.xqy"&lt;/error:value&gt;
	&lt;/error:variable&gt;
	&lt;error:variable&gt;
	  &lt;error:name xmlns="http://marklogic.com/roxy/test-helper"&gt;module&lt;/error:name&gt;
	  &lt;error:value&gt;"/test/suites/My Tests/example-failing-tests.xqy"&lt;/error:value&gt;
	&lt;/error:variable&gt;
	&lt;error:variable&gt;
	  &lt;error:name xmlns="http://marklogic.com/roxy/test-helper"&gt;run-teardown&lt;/error:name&gt;
	  &lt;error:value&gt;fn:true()&lt;/error:value&gt;
	&lt;/error:variable&gt;
	&lt;error:variable&gt;
	  &lt;error:name xmlns="http://marklogic.com/roxy/test-helper"&gt;coverage&lt;/error:name&gt;
	  &lt;error:value&gt;()&lt;/error:value&gt;
	&lt;/error:variable&gt;
	&lt;error:variable&gt;
	  &lt;error:name xmlns="http://marklogic.com/roxy/test-helper"&gt;start-time&lt;/error:name&gt;
	  &lt;error:value&gt;xs:dayTimeDuration("PT0.004939S")&lt;/error:value&gt;
	&lt;/error:variable&gt;
	&lt;error:variable&gt;
	  &lt;error:name xmlns="http://marklogic.com/roxy/test-helper"&gt;setup&lt;/error:name&gt;
	  &lt;error:value&gt;()&lt;/error:value&gt;
	&lt;/error:variable&gt;
	&lt;error:variable&gt;
	  &lt;error:name xmlns="http://marklogic.com/roxy/test-helper"&gt;_&lt;/error:name&gt;
	  &lt;error:value&gt;()&lt;/error:value&gt;
	&lt;/error:variable&gt;
      &lt;/error:variables&gt;
      &lt;error:xquery-version&gt;1.0-ml&lt;/error:xquery-version&gt;
    &lt;/error:frame&gt;
    &lt;error:frame&gt;
      &lt;error:uri&gt;/test/test-controller.xqy&lt;/error:uri&gt;
      &lt;error:line&gt;159&lt;/error:line&gt;
      &lt;error:column&gt;4&lt;/error:column&gt;
      &lt;error:operation&gt;run-suite("My Tests", (), fn:true(), fn:true(), fn:false())&lt;/error:operation&gt;
      &lt;error:variables&gt;
	&lt;error:variable&gt;
	  &lt;error:name xmlns="http://marklogic.com/roxy/test-helper"&gt;suite&lt;/error:name&gt;
	  &lt;error:value&gt;"My Tests"&lt;/error:value&gt;
	&lt;/error:variable&gt;
	&lt;error:variable&gt;
	  &lt;error:name xmlns="http://marklogic.com/roxy/test-helper"&gt;tests&lt;/error:name&gt;
	  &lt;error:value&gt;()&lt;/error:value&gt;
	&lt;/error:variable&gt;
	&lt;error:variable&gt;
	  &lt;error:name xmlns="http://marklogic.com/roxy/test-helper"&gt;run-suite-teardown&lt;/error:name&gt;
	  &lt;error:value&gt;fn:true()&lt;/error:value&gt;
	&lt;/error:variable&gt;
	&lt;error:variable&gt;
	  &lt;error:name xmlns="http://marklogic.com/roxy/test-helper"&gt;run-teardown&lt;/error:name&gt;
	  &lt;error:value&gt;fn:true()&lt;/error:value&gt;
	&lt;/error:variable&gt;
	&lt;error:variable&gt;
	  &lt;error:name xmlns="http://marklogic.com/roxy/test-helper"&gt;calculate-coverage&lt;/error:name&gt;
	  &lt;error:value&gt;fn:false()&lt;/error:value&gt;
	&lt;/error:variable&gt;
	&lt;error:variable&gt;
	  &lt;error:name xmlns="http://marklogic.com/roxy/test-helper"&gt;start-time&lt;/error:name&gt;
	  &lt;error:value&gt;xs:dayTimeDuration("PT0.000058S")&lt;/error:value&gt;
	&lt;/error:variable&gt;
	&lt;error:variable&gt;
	  &lt;error:name xmlns="http://marklogic.com/roxy/test-helper"&gt;tests&lt;/error:name&gt;
	  &lt;error:value&gt;("example-failing-tests.xqy", "example-lib-tests.xqy")&lt;/error:value&gt;
	&lt;/error:variable&gt;
	&lt;error:variable&gt;
	  &lt;error:name xmlns="http://marklogic.com/roxy/test-helper"&gt;coverage&lt;/error:name&gt;
	  &lt;error:value&gt;()&lt;/error:value&gt;
	&lt;/error:variable&gt;
	&lt;error:variable&gt;
	  &lt;error:name xmlns="http://marklogic.com/roxy/test-helper"&gt;test&lt;/error:name&gt;
	  &lt;error:value&gt;"example-failing-tests.xqy"&lt;/error:value&gt;
	&lt;/error:variable&gt;
      &lt;/error:variables&gt;
      &lt;error:xquery-version&gt;1.0-ml&lt;/error:xquery-version&gt;
    &lt;/error:frame&gt;
    &lt;error:frame&gt;
      &lt;error:uri&gt;/test/test-controller.xqy&lt;/error:uri&gt;
      &lt;error:line&gt;126&lt;/error:line&gt;
      &lt;error:column&gt;1&lt;/error:column&gt;
      &lt;error:operation&gt;helper:run-suite("My Tests", (), fn:true(), fn:true())&lt;/error:operation&gt;
      &lt;error:variables&gt;
	&lt;error:variable&gt;
	  &lt;error:name xmlns="http://marklogic.com/roxy/test-helper"&gt;suite&lt;/error:name&gt;
	  &lt;error:value&gt;map:map(&amp;lt;map:map xmlns:xs="http://www.w3.org/2001/XMLSchema" xmlns:xsi="http://www.w3.org/2001/XMLSchema-instance" .../&amp;gt;)&lt;/error:value&gt;
	&lt;/error:variable&gt;
	&lt;error:variable&gt;
	  &lt;error:name xmlns="http://marklogic.com/roxy/test-helper"&gt;tests&lt;/error:name&gt;
	  &lt;error:value&gt;"My Tests"&lt;/error:value&gt;
	&lt;/error:variable&gt;
	&lt;error:variable&gt;
	  &lt;error:name xmlns="http://marklogic.com/roxy/test-helper"&gt;run-suite-teardown&lt;/error:name&gt;
	  &lt;error:value&gt;()&lt;/error:value&gt;
	&lt;/error:variable&gt;
	&lt;error:variable&gt;
	  &lt;error:name xmlns="http://marklogic.com/roxy/test-helper"&gt;run-teardown&lt;/error:name&gt;
	  &lt;error:value&gt;fn:true()&lt;/error:value&gt;
	&lt;/error:variable&gt;
      &lt;/error:variables&gt;
      &lt;error:xquery-version&gt;1.0-ml&lt;/error:xquery-version&gt;
    &lt;/error:frame&gt;
    &lt;error:frame&gt;
      &lt;error:uri&gt;/marklogic.rest.resource/ml-unit-test/assets/resource.xqy&lt;/error:uri&gt;
      &lt;error:line&gt;39&lt;/error:line&gt;
      &lt;error:column&gt;18&lt;/error:column&gt;
      &lt;error:operation&gt;run(map:map(&amp;lt;map:map xmlns:xs="http://www.w3.org/2001/XMLSchema" xmlns:xsi="http://www.w3.org/2001/XMLSchema-instance" .../&amp;gt;))&lt;/error:operation&gt;
      &lt;error:variables&gt;
	&lt;error:variable&gt;
	  &lt;error:name xmlns="http://marklogic.com/rest-api/resource/ml-unit-test"&gt;params&lt;/error:name&gt;
	  &lt;error:value&gt;map:map(&amp;lt;map:map xmlns:xs="http://www.w3.org/2001/XMLSchema" xmlns:xsi="http://www.w3.org/2001/XMLSchema-instance" .../&amp;gt;)&lt;/error:value&gt;
	&lt;/error:variable&gt;
	&lt;error:variable&gt;
	  &lt;error:name xmlns="http://marklogic.com/rest-api/resource/ml-unit-test"&gt;suite&lt;/error:name&gt;
	  &lt;error:value&gt;"My Tests"&lt;/error:value&gt;
	&lt;/error:variable&gt;
	&lt;error:variable&gt;
	  &lt;error:name xmlns="http://marklogic.com/rest-api/resource/ml-unit-test"&gt;tests&lt;/error:name&gt;
	  &lt;error:value&gt;()&lt;/error:value&gt;
	&lt;/error:variable&gt;
	&lt;error:variable&gt;
	  &lt;error:name xmlns="http://marklogic.com/rest-api/resource/ml-unit-test"&gt;run-suite-teardown&lt;/error:name&gt;
	  &lt;error:value&gt;fn:true()&lt;/error:value&gt;
	&lt;/error:variable&gt;
	&lt;error:variable&gt;
	  &lt;error:name xmlns="http://marklogic.com/rest-api/resource/ml-unit-test"&gt;run-teardown&lt;/error:name&gt;
	  &lt;error:value&gt;fn:true()&lt;/error:value&gt;
	&lt;/error:variable&gt;
	&lt;error:variable&gt;
	  &lt;error:name xmlns="http://marklogic.com/rest-api/resource/ml-unit-test"&gt;format&lt;/error:name&gt;
	  &lt;error:value&gt;"junit"&lt;/error:value&gt;
	&lt;/error:variable&gt;
      &lt;/error:variables&gt;
      &lt;error:xquery-version&gt;1.0-ml&lt;/error:xquery-version&gt;
    &lt;/error:frame&gt;
    &lt;error:frame&gt;
      &lt;error:uri&gt;/marklogic.rest.resource/ml-unit-test/assets/resource.xqy&lt;/error:uri&gt;
      &lt;error:line&gt;25&lt;/error:line&gt;
      &lt;error:column&gt;2&lt;/error:column&gt;
      &lt;error:operation&gt;xdmp:function(fn:QName("http://marklogic.com/rest-api/resource/ml-unit-test","post"), "/marklogic.rest.resource/ml-unit-test/assets/resource.xqy")(map:map(), map:map(&amp;lt;map:map xmlns:xs="http://www.w3.org/2001/XMLSchema" xmlns:xsi="http://www.w3.org/2001/XMLSchema-instance" .../&amp;gt;), document{binary{""}})&lt;/error:operation&gt;
      &lt;error:variables&gt;
	&lt;error:variable&gt;
	  &lt;error:name xmlns="http://marklogic.com/rest-api/resource/ml-unit-test"&gt;context&lt;/error:name&gt;
	  &lt;error:value&gt;map:map()&lt;/error:value&gt;
	&lt;/error:variable&gt;
	&lt;error:variable&gt;
	  &lt;error:name xmlns="http://marklogic.com/rest-api/resource/ml-unit-test"&gt;params&lt;/error:name&gt;
	  &lt;error:value&gt;map:map(&amp;lt;map:map xmlns:xs="http://www.w3.org/2001/XMLSchema" xmlns:xsi="http://www.w3.org/2001/XMLSchema-instance" .../&amp;gt;)&lt;/error:value&gt;
	&lt;/error:variable&gt;
	&lt;error:variable&gt;
	  &lt;error:name xmlns="http://marklogic.com/rest-api/resource/ml-unit-test"&gt;input&lt;/error:name&gt;
	  &lt;error:value&gt;document{binary{""}}&lt;/error:value&gt;
	&lt;/error:variable&gt;
      &lt;/error:variables&gt;
      &lt;error:xquery-version&gt;1.0-ml&lt;/error:xquery-version&gt;
    &lt;/error:frame&gt;
    &lt;error:frame&gt;
      &lt;error:uri&gt;/MarkLogic/rest-api/lib/extensions-util.xqy&lt;/error:uri&gt;
      &lt;error:line&gt;945&lt;/error:line&gt;
      &lt;error:column&gt;44&lt;/error:column&gt;
      &lt;error:operation&gt;extut:call-service("ml-unit-test", "POST", xdmp:function(fn:QName("http://marklogic.com/rest-api/resource/ml-unit-test","post"), "/marklogic.rest.resource/ml-unit-test/assets/resource.xqy"), map:map(), map:map(&amp;lt;map:map xmlns:xs="http://www.w3.org/2001/XMLSchema" xmlns:xsi="http://www.w3.org/2001/XMLSchema-instance" .../&amp;gt;), document{binary{""}})&lt;/error:operation&gt;
      &lt;error:variables&gt;
	&lt;error:variable&gt;
	  &lt;error:name xmlns="http://marklogic.com/rest-api/lib/extensions-util"&gt;extension-name&lt;/error:name&gt;
	  &lt;error:value&gt;"ml-unit-test"&lt;/error:value&gt;
	&lt;/error:variable&gt;
	&lt;error:variable&gt;
	  &lt;error:name xmlns="http://marklogic.com/rest-api/lib/extensions-util"&gt;method&lt;/error:name&gt;
	  &lt;error:value&gt;"POST"&lt;/error:value&gt;
	&lt;/error:variable&gt;
	&lt;error:variable&gt;
	  &lt;error:name xmlns="http://marklogic.com/rest-api/lib/extensions-util"&gt;service&lt;/error:name&gt;
	  &lt;error:value&gt;xdmp:function(fn:QName("http://marklogic.com/rest-api/resource/ml-unit-test","post"), "/marklogic.rest.resource/ml-unit-test/assets/resource.xqy")&lt;/error:value&gt;
	&lt;/error:variable&gt;
	&lt;error:variable&gt;
	  &lt;error:name xmlns="http://marklogic.com/rest-api/lib/extensions-util"&gt;context&lt;/error:name&gt;
	  &lt;error:value&gt;map:map()&lt;/error:value&gt;
	&lt;/error:variable&gt;
	&lt;error:variable&gt;
	  &lt;error:name xmlns="http://marklogic.com/rest-api/lib/extensions-util"&gt;service-params&lt;/error:name&gt;
	  &lt;error:value&gt;map:map(&amp;lt;map:map xmlns:xs="http://www.w3.org/2001/XMLSchema" xmlns:xsi="http://www.w3.org/2001/XMLSchema-instance" .../&amp;gt;)&lt;/error:value&gt;
	&lt;/error:variable&gt;
	&lt;error:variable&gt;
	  &lt;error:name xmlns="http://marklogic.com/rest-api/lib/extensions-util"&gt;input&lt;/error:name&gt;
	  &lt;error:value&gt;document{binary{""}}&lt;/error:value&gt;
	&lt;/error:variable&gt;
      &lt;/error:variables&gt;
      &lt;error:xquery-version&gt;1.0-ml&lt;/error:xquery-version&gt;
    &lt;/error:frame&gt;
    &lt;error:frame&gt;
      &lt;error:uri&gt;/MarkLogic/rest-api/lib/extensions-util.xqy&lt;/error:uri&gt;
      &lt;error:line&gt;898&lt;/error:line&gt;
      &lt;error:column&gt;20&lt;/error:column&gt;
      &lt;error:operation&gt;function() as item()*()&lt;/error:operation&gt;
      &lt;error:xquery-version&gt;1.0-ml&lt;/error:xquery-version&gt;
    &lt;/error:frame&gt;
    &lt;error:frame&gt;
      &lt;error:uri&gt;/MarkLogic/rest-api/lib/extensions-util.xqy&lt;/error:uri&gt;
      &lt;error:operation&gt;xdmp:invoke(function() as item()*, &amp;lt;options xmlns="xdmp:eval"&amp;gt;&amp;lt;isolation&amp;gt;same-statement&amp;lt;/isolation&amp;gt;&amp;lt;ignore-amps&amp;gt;...&amp;lt;/ignore-amps&amp;gt;&amp;lt;/options&amp;gt;)&lt;/error:operation&gt;
      &lt;error:xquery-version&gt;1.0-ml&lt;/error:xquery-version&gt;
    &lt;/error:frame&gt;
    &lt;error:frame&gt;
      &lt;error:uri&gt;/MarkLogic/rest-api/lib/extensions-util.xqy&lt;/error:uri&gt;
      &lt;error:line&gt;896&lt;/error:line&gt;
      &lt;error:column&gt;12&lt;/error:column&gt;
      &lt;error:operation&gt;extut:invoke-service("ml-unit-test", "POST", "query", xdmp:function(fn:QName("http://marklogic.com/rest-api/resource/ml-unit-test","post"), "/marklogic.rest.resource/ml-unit-test/assets/resource.xqy"), map:map(), map:map(&amp;lt;map:map xmlns:xs="http://www.w3.org/2001/XMLSchema" xmlns:xsi="http://www.w3.org/2001/XMLSchema-instance" .../&amp;gt;), document{binary{""}}, fn:false())&lt;/error:operation&gt;
      &lt;error:variables&gt;
	&lt;error:variable&gt;
	  &lt;error:name xmlns="http://marklogic.com/rest-api/lib/extensions-util"&gt;extension-name&lt;/error:name&gt;
	  &lt;error:value&gt;"ml-unit-test"&lt;/error:value&gt;
	&lt;/error:variable&gt;
	&lt;error:variable&gt;
	  &lt;error:name xmlns="http://marklogic.com/rest-api/lib/extensions-util"&gt;method&lt;/error:name&gt;
	  &lt;error:value&gt;"POST"&lt;/error:value&gt;
	&lt;/error:variable&gt;
	&lt;error:variable&gt;
	  &lt;error:name xmlns="http://marklogic.com/rest-api/lib/extensions-util"&gt;default-txn-mode&lt;/error:name&gt;
	  &lt;error:value&gt;"query"&lt;/error:value&gt;
	&lt;/error:variable&gt;
	&lt;error:variable&gt;
	  &lt;error:name xmlns="http://marklogic.com/rest-api/lib/extensions-util"&gt;service&lt;/error:name&gt;
	  &lt;error:value&gt;xdmp:function(fn:QName("http://marklogic.com/rest-api/resource/ml-unit-test","post"), "/marklogic.rest.resource/ml-unit-test/assets/resource.xqy")&lt;/error:value&gt;
	&lt;/error:variable&gt;
	&lt;error:variable&gt;
	  &lt;error:name xmlns="http://marklogic.com/rest-api/lib/extensions-util"&gt;context&lt;/error:name&gt;
	  &lt;error:value&gt;map:map()&lt;/error:value&gt;
	&lt;/error:variable&gt;
	&lt;error:variable&gt;
	  &lt;error:name xmlns="http://marklogic.com/rest-api/lib/extensions-util"&gt;service-params&lt;/error:name&gt;
	  &lt;error:value&gt;map:map(&amp;lt;map:map xmlns:xs="http://www.w3.org/2001/XMLSchema" xmlns:xsi="http://www.w3.org/2001/XMLSchema-instance" .../&amp;gt;)&lt;/error:value&gt;
	&lt;/error:variable&gt;
	&lt;error:variable&gt;
	  &lt;error:name xmlns="http://marklogic.com/rest-api/lib/extensions-util"&gt;input&lt;/error:name&gt;
	  &lt;error:value&gt;document{binary{""}}&lt;/error:value&gt;
	&lt;/error:variable&gt;
	&lt;error:variable&gt;
	  &lt;error:name xmlns="http://marklogic.com/rest-api/lib/extensions-util"&gt;in-txn&lt;/error:name&gt;
	  &lt;error:value&gt;fn:false()&lt;/error:value&gt;
	&lt;/error:variable&gt;
	&lt;error:variable&gt;
	  &lt;error:name xmlns="http://marklogic.com/rest-api/lib/extensions-util"&gt;txn-curr&lt;/error:name&gt;
	  &lt;error:value&gt;"query"&lt;/error:value&gt;
	&lt;/error:variable&gt;
	&lt;error:variable&gt;
	  &lt;error:name xmlns="http://marklogic.com/rest-api/lib/extensions-util"&gt;txn-mode&lt;/error:name&gt;
	  &lt;error:value&gt;"query"&lt;/error:value&gt;
	&lt;/error:variable&gt;
      &lt;/error:variables&gt;
      &lt;error:xquery-version&gt;1.0-ml&lt;/error:xquery-version&gt;
    &lt;/error:frame&gt;
    &lt;error:frame&gt;
      &lt;error:uri&gt;/MarkLogic/rest-api/models/resource-model-query.xqy&lt;/error:uri&gt;
      &lt;error:line&gt;269&lt;/error:line&gt;
      &lt;error:column&gt;20&lt;/error:column&gt;
      &lt;error:operation&gt;rsrcmodqry:resource-post("ml-unit-test", map:map(), map:map(&amp;lt;map:map xmlns:xs="http://www.w3.org/2001/XMLSchema" xmlns:xsi="http://www.w3.org/2001/XMLSchema-instance" .../&amp;gt;), document{binary{""}}, fn:false(), local:rsrcmod-callback#6)&lt;/error:operation&gt;
      &lt;error:variables&gt;
	&lt;error:variable&gt;
	  &lt;error:name xmlns="http://marklogic.com/rest-api/models/resource-model-query"&gt;resource-name&lt;/error:name&gt;
	  &lt;error:value&gt;"ml-unit-test"&lt;/error:value&gt;
	&lt;/error:variable&gt;
	&lt;error:variable&gt;
	  &lt;error:name xmlns="http://marklogic.com/rest-api/models/resource-model-query"&gt;context&lt;/error:name&gt;
	  &lt;error:value&gt;map:map()&lt;/error:value&gt;
	&lt;/error:variable&gt;
	&lt;error:variable&gt;
	  &lt;error:name xmlns="http://marklogic.com/rest-api/models/resource-model-query"&gt;resource-params&lt;/error:name&gt;
	  &lt;error:value&gt;map:map(&amp;lt;map:map xmlns:xs="http://www.w3.org/2001/XMLSchema" xmlns:xsi="http://www.w3.org/2001/XMLSchema-instance" .../&amp;gt;)&lt;/error:value&gt;
	&lt;/error:variable&gt;
	&lt;error:variable&gt;
	  &lt;error:name xmlns="http://marklogic.com/rest-api/models/resource-model-query"&gt;input&lt;/error:name&gt;
	  &lt;error:value&gt;document{binary{""}}&lt;/error:value&gt;
	&lt;/error:variable&gt;
	&lt;error:variable&gt;
	  &lt;error:name xmlns="http://marklogic.com/rest-api/models/resource-model-query"&gt;in-txn&lt;/error:name&gt;
	  &lt;error:value&gt;fn:false()&lt;/error:value&gt;
	&lt;/error:variable&gt;
	&lt;error:variable&gt;
	  &lt;error:name xmlns="http://marklogic.com/rest-api/models/resource-model-query"&gt;responder&lt;/error:name&gt;
	  &lt;error:value&gt;local:rsrcmod-callback#6&lt;/error:value&gt;
	&lt;/error:variable&gt;
	&lt;error:variable&gt;
	  &lt;error:name xmlns="http://marklogic.com/rest-api/models/resource-model-query"&gt;service&lt;/error:name&gt;
	  &lt;error:value&gt;xdmp:function(fn:QName("http://marklogic.com/rest-api/resource/ml-unit-test","post"), "/marklogic.rest.resource/ml-unit-test/assets/resource.xqy")&lt;/error:value&gt;
	&lt;/error:variable&gt;
      &lt;/error:variables&gt;
      &lt;error:xquery-version&gt;1.0-ml&lt;/error:xquery-version&gt;
    &lt;/error:frame&gt;
    &lt;error:frame&gt;
      &lt;error:uri&gt;/MarkLogic/rest-api/models/resource-model-query.xqy&lt;/error:uri&gt;
      &lt;error:line&gt;236&lt;/error:line&gt;
      &lt;error:column&gt;4&lt;/error:column&gt;
      &lt;error:operation&gt;rsrcmodqry:exec-post(map:map(&amp;lt;map:map xmlns:xs="http://www.w3.org/2001/XMLSchema" xmlns:xsi="http://www.w3.org/2001/XMLSchema-instance" .../&amp;gt;), map:map(&amp;lt;map:map xmlns:xs="http://www.w3.org/2001/XMLSchema" xmlns:xsi="http://www.w3.org/2001/XMLSchema-instance" .../&amp;gt;), document{binary{""}}, local:rsrcmod-callback#6)&lt;/error:operation&gt;
      &lt;error:variables&gt;
	&lt;error:variable&gt;
	  &lt;error:name xmlns="http://marklogic.com/rest-api/models/resource-model-query"&gt;headers&lt;/error:name&gt;
	  &lt;error:value&gt;map:map(&amp;lt;map:map xmlns:xs="http://www.w3.org/2001/XMLSchema" xmlns:xsi="http://www.w3.org/2001/XMLSchema-instance" .../&amp;gt;)&lt;/error:value&gt;
	&lt;/error:variable&gt;
	&lt;error:variable&gt;
	  &lt;error:name xmlns="http://marklogic.com/rest-api/models/resource-model-query"&gt;endpoint-params&lt;/error:name&gt;
	  &lt;error:value&gt;map:map(&amp;lt;map:map xmlns:xs="http://www.w3.org/2001/XMLSchema" xmlns:xsi="http://www.w3.org/2001/XMLSchema-instance" .../&amp;gt;)&lt;/error:value&gt;
	&lt;/error:variable&gt;
	&lt;error:variable&gt;
	  &lt;error:name xmlns="http://marklogic.com/rest-api/models/resource-model-query"&gt;input&lt;/error:name&gt;
	  &lt;error:value&gt;document{binary{""}}&lt;/error:value&gt;
	&lt;/error:variable&gt;
	&lt;error:variable&gt;
	  &lt;error:name xmlns="http://marklogic.com/rest-api/models/resource-model-query"&gt;responder&lt;/error:name&gt;
	  &lt;error:value&gt;local:rsrcmod-callback#6&lt;/error:value&gt;
	&lt;/error:variable&gt;
      &lt;/error:variables&gt;
      &lt;error:xquery-version&gt;1.0-ml&lt;/error:xquery-version&gt;
    &lt;/error:frame&gt;
    &lt;error:frame&gt;
      &lt;error:uri&gt;/MarkLogic/rest-api/endpoints/resource-service-query.xqy&lt;/error:uri&gt;
      &lt;error:line&gt;78&lt;/error:line&gt;
      &lt;error:column&gt;8&lt;/error:column&gt;
      &lt;error:variables&gt;
	&lt;error:variable&gt;
	  &lt;error:name&gt;headers&lt;/error:name&gt;
	  &lt;error:value&gt;map:map(&amp;lt;map:map xmlns:xs="http://www.w3.org/2001/XMLSchema" xmlns:xsi="http://www.w3.org/2001/XMLSchema-instance" .../&amp;gt;)&lt;/error:value&gt;
	&lt;/error:variable&gt;
	&lt;error:variable&gt;
	  &lt;error:name&gt;method&lt;/error:name&gt;
	  &lt;error:value&gt;"POST"&lt;/error:value&gt;
	&lt;/error:variable&gt;
	&lt;error:variable&gt;
	  &lt;error:name&gt;body&lt;/error:name&gt;
	  &lt;error:value&gt;document{binary{""}}&lt;/error:value&gt;
	&lt;/error:variable&gt;
	&lt;error:variable&gt;
	  &lt;error:name&gt;params&lt;/error:name&gt;
	  &lt;error:value&gt;map:map(&amp;lt;map:map xmlns:xs="http://www.w3.org/2001/XMLSchema" xmlns:xsi="http://www.w3.org/2001/XMLSchema-instance" .../&amp;gt;)&lt;/error:value&gt;
	&lt;/error:variable&gt;
	&lt;error:variable&gt;
	  &lt;error:name&gt;extra-names&lt;/error:name&gt;
	  &lt;error:value&gt;()&lt;/error:value&gt;
	&lt;/error:variable&gt;
      &lt;/error:variables&gt;
      &lt;error:xquery-version&gt;1.0-ml&lt;/error:xquery-version&gt;
    &lt;/error:frame&gt;
  &lt;/error:stack&gt;
&lt;/error:error&gt;</failure></testcase><testcase classname="example-lib-tests.xqy" name="example-lib-tests.xqy" time="0.033883"/></testsuite>
